<?xml version="1.0" encoding="UTF-8"?>
<!-- Generated by org.testng.reporters.JUnitReportReporter -->
<testsuite skipped="0" hostname="LAPTOP-C53MS9H4" name="com.MKB.DurStexpress.TestCase.Best_Buy_App" tests="1" failures="0" timestamp="2020-06-14T16:08:47 CEST" time="2.808" errors="0">
  <testcase name="productDetails" time="2.808" classname="com.MKB.DurStexpress.TestCase.Best_Buy_App"/>
</testsuite> <!-- com.MKB.DurStexpress.TestCase.Best_Buy_App -->
