<?xml version="1.0" encoding="UTF-8"?>
<!-- Generated by org.testng.reporters.JUnitReportReporter -->
<testsuite skipped="0" hostname="LAPTOP-C53MS9H4" name="com.MKB.DurStexpress.TestCase.ProductSelectionTest" tests="1" failures="0" timestamp="2020-06-14T16:12:27 CEST" time="3.100" errors="0">
  <testcase name="productDetails" time="3.100" classname="com.MKB.DurStexpress.TestCase.ProductSelectionTest"/>
</testsuite> <!-- com.MKB.DurStexpress.TestCase.ProductSelectionTest -->
